<?xml version="1.0" encoding="UTF-8"?>
<testng-results ignored="0" total="3" passed="3" failed="0" skipped="0">
  <reporter-output>
  </reporter-output>
  <suite started-at="2025-01-18T13:45:05 IST" name="Default suite" finished-at="2025-01-18T13:45:08 IST" duration-ms="3423">
    <groups>
    </groups>
    <test started-at="2025-01-18T13:45:05 IST" name="Default test" finished-at="2025-01-18T13:45:08 IST" duration-ms="3423">
      <class name="testScripts.PlaceOrderTest">
        <test-method is-config="true" signature="setup()[pri:0, instance:testScripts.PlaceOrderTest@1568159]" started-at="2025-01-18T13:45:05 IST" name="setup" finished-at="2025-01-18T13:45:07 IST" duration-ms="1627" status="PASS">
          <reporter-output>
          </reporter-output>
        </test-method> <!-- setup -->
        <test-method signature="loginTest()[pri:1, instance:testScripts.PlaceOrderTest@1568159]" started-at="2025-01-18T13:45:07 IST" name="loginTest" finished-at="2025-01-18T13:45:07 IST" duration-ms="555" status="PASS">
          <reporter-output>
          </reporter-output>
        </test-method> <!-- loginTest -->
        <test-method signature="addItemTest()[pri:2, instance:testScripts.PlaceOrderTest@1568159]" started-at="2025-01-18T13:45:07 IST" name="addItemTest" finished-at="2025-01-18T13:45:08 IST" duration-ms="409" status="PASS">
          <reporter-output>
          </reporter-output>
        </test-method> <!-- addItemTest -->
        <test-method signature="checkoutTest()[pri:3, instance:testScripts.PlaceOrderTest@1568159]" started-at="2025-01-18T13:45:08 IST" name="checkoutTest" finished-at="2025-01-18T13:45:08 IST" duration-ms="741" status="PASS">
          <reporter-output>
          </reporter-output>
        </test-method> <!-- checkoutTest -->
      </class> <!-- testScripts.PlaceOrderTest -->
    </test> <!-- Default test -->
  </suite> <!-- Default suite -->
</testng-results>
