<?xml version="1.0" encoding="UTF-8"?>
<testng-results ignored="0" total="1" passed="1" failed="0" skipped="0">
  <reporter-output>
  </reporter-output>
  <suite started-at="2025-01-16T22:52:12 IST" name="Default suite" finished-at="2025-01-16T22:52:13 IST" duration-ms="897">
    <groups>
    </groups>
    <test started-at="2025-01-16T22:52:12 IST" name="Default test" finished-at="2025-01-16T22:52:13 IST" duration-ms="897">
      <class name="testScripts.PlaceOrderTest">
        <test-method is-config="true" signature="setup()[pri:0, instance:testScripts.PlaceOrderTest@89ff02e]" started-at="2025-01-16T22:52:12 IST" name="setup" finished-at="2025-01-16T22:52:13 IST" duration-ms="492" status="PASS">
          <reporter-output>
          </reporter-output>
        </test-method> <!-- setup -->
        <test-method signature="loginTest()[pri:0, instance:testScripts.PlaceOrderTest@89ff02e]" started-at="2025-01-16T22:52:13 IST" name="loginTest" finished-at="2025-01-16T22:52:13 IST" duration-ms="353" status="PASS">
          <reporter-output>
          </reporter-output>
        </test-method> <!-- loginTest -->
      </class> <!-- testScripts.PlaceOrderTest -->
    </test> <!-- Default test -->
  </suite> <!-- Default suite -->
</testng-results>
